[33mWARNING: You are using pip version 21.0; however, version 21.0.1 is available.

You should consider upgrading via the '/opt/conda/bin/python3.7 -m pip install --upgrade pip' command.[0m

use_cuda :  True

Going to be training for a total of 40000 episodes

Episode: 100, reward: -160.01969267228625, steps: 72

Episode: 200, reward: -223.57529824336228, steps: 109

Episode: 300, reward: -100.32497074333925, steps: 75

Episode: 400, reward: -262.92940068802045, steps: 133

Episode: 500, reward: -394.29571483893346, steps: 114

---------- testing now ----------

Mean reward achieved : -177.16034255437404 

--------------------------------------------------

Episode: 600, reward: -66.6067113634941, steps: 63

Episode: 700, reward: -70.26963116933851, steps: 57

Episode: 800, reward: -205.0530407494112, steps: 71

Episode: 900, reward: -51.625221319230654, steps: 123

Episode: 1000, reward: -204.2477300644496, steps: 116

---------- testing now ----------

Mean reward achieved : -142.50484229769467 

--------------------------------------------------

Episode: 1100, reward: -176.63365693986236, steps: 84

Episode: 1200, reward: -100.7360626445627, steps: 79

Episode: 1300, reward: -163.78161359296536, steps: 111

Episode: 1400, reward: -117.79247156700963, steps: 97

Episode: 1500, reward: -289.44108829902586, steps: 134

---------- testing now ----------

Mean reward achieved : -120.21749429509141 

--------------------------------------------------

Episode: 1600, reward: -199.1715930192052, steps: 89

Episode: 1700, reward: -105.03709821651454, steps: 57

Episode: 1800, reward: -123.47517168863396, steps: 80

Episode: 1900, reward: -106.26371317848752, steps: 104

Episode: 2000, reward: -114.83470095119499, steps: 107

---------- testing now ----------

Mean reward achieved : -117.31202919020558 

--------------------------------------------------

Episode: 2100, reward: -40.08950225797761, steps: 85

Episode: 2200, reward: -73.40567134637824, steps: 76

Episode: 2300, reward: -101.91037006403364, steps: 89

Episode: 2400, reward: -51.71238689492938, steps: 77

Episode: 2500, reward: -77.06973772406513, steps: 83

---------- testing now ----------

Mean reward achieved : -84.79241874070303 

--------------------------------------------------

Episode: 2600, reward: -99.33118687321321, steps: 156

Episode: 2700, reward: -72.19844278588134, steps: 162

Episode: 2800, reward: -56.39955791184077, steps: 173

Episode: 2900, reward: -40.7323976106136, steps: 76

Episode: 3000, reward: -48.70505060954753, steps: 109

---------- testing now ----------

Mean reward achieved : -53.37512546402389 

--------------------------------------------------

Episode: 3100, reward: -41.205302811377265, steps: 173

Episode: 3200, reward: 17.54372130378424, steps: 160

Episode: 3300, reward: 4.613514782365272, steps: 284

Episode: 3400, reward: -2.5507689569142684, steps: 175

Episode: 3500, reward: -41.8406076307792, steps: 200

---------- testing now ----------

Mean reward achieved : -17.61970175397891 

--------------------------------------------------

Episode: 3600, reward: 55.8708556783549, steps: 187

Episode: 3700, reward: -16.755983506390606, steps: 204

Episode: 3800, reward: -72.2094248242762, steps: 875

Episode: 3900, reward: 11.839391933387816, steps: 1000

Episode: 4000, reward: -41.72487448751208, steps: 123

---------- testing now ----------

Mean reward achieved : -66.52707978105818 

--------------------------------------------------

Episode: 4100, reward: -67.16729865045119, steps: 1000

Episode: 4200, reward: 7.830727828785461, steps: 1000

Episode: 4300, reward: -35.596707935310704, steps: 163

Episode: 4400, reward: -29.018774970640095, steps: 1000

Episode: 4500, reward: -60.51599252951708, steps: 1000

---------- testing now ----------

Mean reward achieved : -51.865543097068496 

--------------------------------------------------

Episode: 4600, reward: -17.98010653886138, steps: 1000

Episode: 4700, reward: -12.64408124229311, steps: 1000

Episode: 4800, reward: 60.970316832405246, steps: 151

Episode: 4900, reward: 4.054500367428247, steps: 1000

Episode: 5000, reward: 39.55283745779889, steps: 185

---------- testing now ----------

Mean reward achieved : 38.74247790130561 

--------------------------------------------------

Episode: 5100, reward: 97.22987804333393, steps: 1000

Episode: 5200, reward: 84.21391953256068, steps: 1000

Episode: 5300, reward: 45.41971090819692, steps: 183

Episode: 5400, reward: 72.49745274283225, steps: 1000

Episode: 5500, reward: 124.05971622088327, steps: 1000

---------- testing now ----------

Mean reward achieved : 72.61061373323464 

--------------------------------------------------

Episode: 5600, reward: 56.84717480427621, steps: 1000

Episode: 5700, reward: 77.0505941028783, steps: 1000

Episode: 5800, reward: 100.99760608889075, steps: 1000

Episode: 5900, reward: 125.30512134409528, steps: 1000

Episode: 6000, reward: 158.45352816209387, steps: 1000

---------- testing now ----------

Mean reward achieved : 101.04000889662255 

--------------------------------------------------

Episode: 6100, reward: 142.51039174579122, steps: 1000

Episode: 6200, reward: 152.73690289144008, steps: 1000

Episode: 6300, reward: 106.18742842700266, steps: 1000

Episode: 6400, reward: 116.34466059782797, steps: 1000

Episode: 6500, reward: 134.21308298735872, steps: 1000

---------- testing now ----------

Mean reward achieved : 115.46621376865889 

--------------------------------------------------

Episode: 6600, reward: 225.36750167937578, steps: 878

Episode: 6700, reward: 138.08884258896683, steps: 1000

Episode: 6800, reward: 152.00571948089885, steps: 1000

Episode: 6900, reward: 149.42161421992677, steps: 1000

Episode: 7000, reward: 168.56729005086052, steps: 1000

---------- testing now ----------

Mean reward achieved : 125.74160009103278 

--------------------------------------------------

Episode: 7100, reward: 151.28958595118485, steps: 1000

Episode: 7200, reward: 147.91399283989517, steps: 1000

Episode: 7300, reward: 181.17394468899957, steps: 1000

Episode: 7400, reward: 149.7619094173094, steps: 1000

Episode: 7500, reward: 171.6069308217869, steps: 1000

---------- testing now ----------

Mean reward achieved : 137.43630444902078 

--------------------------------------------------

Episode: 7600, reward: 98.89967092352374, steps: 1000

Episode: 7700, reward: 141.75847879570904, steps: 1000

Episode: 7800, reward: 146.55927065547917, steps: 1000

Episode: 7900, reward: 138.44684849015948, steps: 1000

Episode: 8000, reward: 122.76398764664775, steps: 1000

---------- testing now ----------

Mean reward achieved : 98.01626980752094 

--------------------------------------------------

Episode: 8100, reward: 142.8251413507664, steps: 1000

Episode: 8200, reward: 126.30234246525568, steps: 1000

Episode: 8300, reward: 176.9807958120558, steps: 1000

Episode: 8400, reward: 152.12678909047048, steps: 1000

Episode: 8500, reward: 126.83746604025552, steps: 1000

---------- testing now ----------

Mean reward achieved : 142.4900331370809 

--------------------------------------------------

Episode: 8600, reward: 157.3616871148246, steps: 1000

Episode: 8700, reward: 119.30143931552935, steps: 1000

Episode: 8800, reward: 63.4285252281485, steps: 1000

Episode: 8900, reward: 148.2323690312128, steps: 1000

Episode: 9000, reward: 119.14383496424264, steps: 1000

---------- testing now ----------

Mean reward achieved : 109.64874543327237 

--------------------------------------------------

Episode: 9100, reward: 134.07024888132287, steps: 1000

Episode: 9200, reward: 154.70401928859133, steps: 1000

Episode: 9300, reward: 167.2173788225059, steps: 1000

Episode: 9400, reward: 155.84154335719387, steps: 1000

Episode: 9500, reward: 155.48947022917937, steps: 1000

---------- testing now ----------

Mean reward achieved : 146.52559165838488 

--------------------------------------------------

Episode: 9600, reward: 36.61443326472994, steps: 139

Episode: 9700, reward: 90.73438140832744, steps: 1000

Episode: 9800, reward: 104.5221401248284, steps: 1000

Episode: 9900, reward: 136.75219598584803, steps: 1000

Episode: 10000, reward: 159.08281363248213, steps: 1000

---------- testing now ----------

Mean reward achieved : 133.15755654880635 

--------------------------------------------------

Episode: 10100, reward: 139.68462976779858, steps: 1000

Episode: 10200, reward: 138.9544485074609, steps: 1000

Episode: 10300, reward: 158.33799481430108, steps: 1000

Episode: 10400, reward: 153.8786964471674, steps: 1000

Episode: 10500, reward: 159.6313262526419, steps: 1000

---------- testing now ----------

Mean reward achieved : 145.0499147120832 

--------------------------------------------------

Episode: 10600, reward: 163.17607714331652, steps: 1000

Episode: 10700, reward: 161.0836162126416, steps: 1000

Episode: 10800, reward: 40.13332604385121, steps: 1000

Episode: 10900, reward: 147.5523083299267, steps: 1000

Episode: 11000, reward: 272.13188341850724, steps: 830

---------- testing now ----------

Mean reward achieved : 193.0129179969949 

--------------------------------------------------

Episode: 11100, reward: 71.83227311192348, steps: 141

Episode: 11200, reward: 278.3809600087467, steps: 242

Episode: 11300, reward: 232.68894084774962, steps: 224

Episode: 11400, reward: 231.06378666811173, steps: 232

Episode: 11500, reward: 300.75579087675624, steps: 324

---------- testing now ----------

Mean reward achieved : 247.9881312166529 

--------------------------------------------------

---------- Solved! ----------

Mean reward achieved : 247.9881312166529 in 301.02 steps

--------------------------------------------------

Episode: 11600, reward: 296.3608090004533, steps: 278

Episode: 11700, reward: 215.16804753973742, steps: 513

Episode: 11800, reward: 311.6224009341703, steps: 341

Episode: 11900, reward: 275.1816001378516, steps: 195

Episode: 12000, reward: 275.7681992669185, steps: 228

---------- testing now ----------

Mean reward achieved : 234.9562476399298 

--------------------------------------------------

---------- Solved! ----------

Mean reward achieved : 234.9562476399298 in 273.61 steps

--------------------------------------------------

Episode: 12100, reward: 290.7690811219213, steps: 214

Episode: 12200, reward: 273.886545284401, steps: 249

Episode: 12300, reward: 160.37026519693543, steps: 473

Episode: 12400, reward: 259.14247774054854, steps: 238

Episode: 12500, reward: 276.1823605242043, steps: 223

---------- testing now ----------

Mean reward achieved : 221.58980735082108 

--------------------------------------------------

---------- Solved! ----------

Mean reward achieved : 221.58980735082108 in 289.43 steps

--------------------------------------------------

Episode: 12600, reward: 245.68882476017376, steps: 254

Episode: 12700, reward: -634.1677759501612, steps: 267

Episode: 12800, reward: 285.89882386917236, steps: 280

Episode: 12900, reward: 171.45828452108782, steps: 862

Episode: 13000, reward: 253.53339631983462, steps: 205

---------- testing now ----------

Mean reward achieved : 217.2329067671938 

--------------------------------------------------

---------- Solved! ----------

Mean reward achieved : 217.2329067671938 in 238.6 steps

--------------------------------------------------

Episode: 13100, reward: 288.10596051298944, steps: 287

Episode: 13200, reward: 298.5685604079498, steps: 238

Episode: 13300, reward: 29.032654740172944, steps: 160

Episode: 13400, reward: 246.4103287448516, steps: 539

Episode: 13500, reward: 261.45746462049607, steps: 268

---------- testing now ----------

Mean reward achieved : 240.03496220631772 

--------------------------------------------------

---------- Solved! ----------

Mean reward achieved : 240.03496220631772 in 296.35 steps

--------------------------------------------------

Episode: 13600, reward: 250.3130815169745, steps: 239

Episode: 13700, reward: 272.69108952971567, steps: 222

Episode: 13800, reward: 308.3137254808248, steps: 310

Episode: 13900, reward: -86.47771592447116, steps: 423

Episode: 14000, reward: -144.36620167698212, steps: 363

---------- testing now ----------

Mean reward achieved : 210.1383036719187 

--------------------------------------------------

---------- Solved! ----------

Mean reward achieved : 210.1383036719187 in 302.04 steps

--------------------------------------------------

Episode: 14100, reward: 274.7926372964564, steps: 274

Episode: 14200, reward: 228.15689662277953, steps: 201

Episode: 14300, reward: 313.8587233351501, steps: 240

Episode: 14400, reward: 295.114719353082, steps: 250

Episode: 14500, reward: 254.95007825382936, steps: 208

---------- testing now ----------

Mean reward achieved : 220.55539853685838 

--------------------------------------------------

---------- Solved! ----------

Mean reward achieved : 220.55539853685838 in 247.2 steps

--------------------------------------------------

Episode: 14600, reward: 210.6208941466723, steps: 334

Episode: 14700, reward: 173.78259400296872, steps: 406

Episode: 14800, reward: 299.4943718003925, steps: 262

Episode: 14900, reward: 259.2197934139309, steps: 403

Episode: 15000, reward: 251.8812615017066, steps: 211

---------- testing now ----------

Mean reward achieved : 242.08931328585444 

--------------------------------------------------

---------- Solved! ----------

Mean reward achieved : 242.08931328585444 in 268.36 steps

--------------------------------------------------

Episode: 15100, reward: 222.20288803256193, steps: 398

Episode: 15200, reward: 290.467468769553, steps: 356

Episode: 15300, reward: 262.43556989554827, steps: 272

Episode: 15400, reward: 274.18408363599667, steps: 276

Episode: 15500, reward: 237.89236367759915, steps: 208

---------- testing now ----------

Mean reward achieved : 237.94885156271684 

--------------------------------------------------

---------- Solved! ----------

Mean reward achieved : 237.94885156271684 in 285.41 steps

--------------------------------------------------

Episode: 15600, reward: 266.29186049350926, steps: 237

Episode: 15700, reward: 270.36042065557416, steps: 251

Episode: 15800, reward: 277.9963268750507, steps: 224

Episode: 15900, reward: 265.6842022132135, steps: 227

Episode: 16000, reward: 176.87671815702413, steps: 606

---------- testing now ----------

Mean reward achieved : 223.44781454655808 

--------------------------------------------------

---------- Solved! ----------

Mean reward achieved : 223.44781454655808 in 275.78 steps

--------------------------------------------------

Episode: 16100, reward: 250.1899956681876, steps: 242

Episode: 16200, reward: 241.61680684590218, steps: 198

Episode: 16300, reward: 225.19573701876067, steps: 260

Episode: 16400, reward: 277.0048540603889, steps: 288

Episode: 16500, reward: 273.41209735716666, steps: 250

---------- testing now ----------

Mean reward achieved : 251.56606748110988 

--------------------------------------------------

---------- Solved! ----------

Mean reward achieved : 251.56606748110988 in 313.65 steps

--------------------------------------------------

Episode: 16600, reward: 283.6231996763663, steps: 271

Episode: 16700, reward: 258.96673165168545, steps: 209

Episode: 16800, reward: 197.04013409583553, steps: 789

Episode: 16900, reward: 241.88165643355254, steps: 393

Episode: 17000, reward: 273.1669617308046, steps: 229

---------- testing now ----------

Mean reward achieved : 248.04059603954022 

--------------------------------------------------

---------- Solved! ----------

Mean reward achieved : 248.04059603954022 in 300.57 steps

--------------------------------------------------

Episode: 17100, reward: 290.90051738847546, steps: 286

Episode: 17200, reward: 28.68812459096125, steps: 88

Episode: 17300, reward: 261.8698037378242, steps: 300

Episode: 17400, reward: 274.0095655481904, steps: 231

Episode: 17500, reward: 50.80660887717882, steps: 1000

---------- testing now ----------

Mean reward achieved : 241.33444413309758 

--------------------------------------------------

---------- Solved! ----------

Mean reward achieved : 241.33444413309758 in 292.35 steps

--------------------------------------------------

Episode: 17600, reward: 272.50713852694224, steps: 214

Episode: 17700, reward: 267.27474439191474, steps: 219

Episode: 17800, reward: 256.94435907088155, steps: 197

Episode: 17900, reward: 293.81707596247077, steps: 173

Episode: 18000, reward: 226.76091114216786, steps: 497

---------- testing now ----------

Mean reward achieved : 244.1089795292572 

--------------------------------------------------

---------- Solved! ----------

Mean reward achieved : 244.1089795292572 in 288.07 steps

--------------------------------------------------

Episode: 18100, reward: 295.6100126799422, steps: 210

Episode: 18200, reward: 269.3296907520188, steps: 197

Episode: 18300, reward: 284.48750964273836, steps: 192

Episode: 18400, reward: 239.96368108426336, steps: 306

Episode: 18500, reward: 11.559569263680501, steps: 149

---------- testing now ----------

Mean reward achieved : 231.740615780889 

--------------------------------------------------

---------- Solved! ----------

Mean reward achieved : 231.740615780889 in 279.03 steps

--------------------------------------------------

Episode: 18600, reward: 283.07775133585733, steps: 382

Episode: 18700, reward: 206.19253779387725, steps: 302

Episode: 18800, reward: 286.69105302238165, steps: 228

Episode: 18900, reward: 260.23488185102775, steps: 337

Episode: 19000, reward: 255.86853873867173, steps: 305

---------- testing now ----------

Mean reward achieved : 227.47097640645651 

--------------------------------------------------

---------- Solved! ----------

Mean reward achieved : 227.47097640645651 in 277.38 steps

--------------------------------------------------

Episode: 19100, reward: 258.16420901453887, steps: 217

Episode: 19200, reward: 270.73422109656985, steps: 192

Episode: 19300, reward: 251.00079292052902, steps: 219

Episode: 19400, reward: 255.7813390989112, steps: 219

Episode: 19500, reward: 238.94534436573528, steps: 190

---------- testing now ----------

Mean reward achieved : 215.94485873573575 

--------------------------------------------------

---------- Solved! ----------

Mean reward achieved : 215.94485873573575 in 261.34 steps

--------------------------------------------------

Episode: 19600, reward: 258.9864874733979, steps: 209

Episode: 19700, reward: 269.49580811568467, steps: 187

Episode: 19800, reward: 34.30427427833882, steps: 199

Episode: 19900, reward: 242.46947901782278, steps: 209

Episode: 20000, reward: 279.98895889322307, steps: 173

---------- testing now ----------

Mean reward achieved : 191.54306272921025 

--------------------------------------------------

Episode: 20100, reward: 235.3034030420501, steps: 229

Episode: 20200, reward: 171.95495290031474, steps: 399

Episode: 20300, reward: 280.30156285870794, steps: 282

Episode: 20400, reward: 256.75804555993216, steps: 165

Episode: 20500, reward: -85.07768098276408, steps: 319

---------- testing now ----------

Mean reward achieved : 190.96246132688225 

--------------------------------------------------

Episode: 20600, reward: 308.4180254607961, steps: 273

Episode: 20700, reward: 286.900124858624, steps: 443

Episode: 20800, reward: 229.00832781250165, steps: 342

Episode: 20900, reward: 275.4558621955646, steps: 194

Episode: 21000, reward: 273.4839001437828, steps: 201

---------- testing now ----------

Mean reward achieved : 222.96984407040003 

--------------------------------------------------

---------- Solved! ----------

Mean reward achieved : 222.96984407040003 in 286.28 steps

--------------------------------------------------

Episode: 21100, reward: 106.13287813655883, steps: 1000

Episode: 21200, reward: 270.76887672545246, steps: 171

Episode: 21300, reward: 274.44073536755843, steps: 201

Episode: 21400, reward: 267.25300464058523, steps: 280

Episode: 21500, reward: 180.46753778392792, steps: 546

---------- testing now ----------

Mean reward achieved : 240.6932915258028 

--------------------------------------------------

---------- Solved! ----------

Mean reward achieved : 240.6932915258028 in 331.89 steps

--------------------------------------------------

Episode: 21600, reward: 263.3655370317729, steps: 256

Episode: 21700, reward: 234.02621513346418, steps: 363

Episode: 21800, reward: 244.95183036135703, steps: 208

Episode: 21900, reward: 272.48242351197814, steps: 203

Episode: 22000, reward: -81.27932361144616, steps: 352

---------- testing now ----------

Mean reward achieved : 246.49945218218198 

--------------------------------------------------

---------- Solved! ----------

Mean reward achieved : 246.49945218218198 in 286.26 steps

--------------------------------------------------

Episode: 22100, reward: 273.27923736639855, steps: 302

Episode: 22200, reward: 234.45931802961297, steps: 221

Episode: 22300, reward: 295.81885705033307, steps: 220

Episode: 22400, reward: 94.66178912294752, steps: 975

Episode: 22500, reward: 252.16569181082423, steps: 217

---------- testing now ----------

Mean reward achieved : 241.21946414912713 

--------------------------------------------------

---------- Solved! ----------

Mean reward achieved : 241.21946414912713 in 331.77 steps

--------------------------------------------------

Episode: 22600, reward: 245.19705836193629, steps: 197

Episode: 22700, reward: 284.1096018925439, steps: 166

Episode: 22800, reward: 264.196572104564, steps: 207

Episode: 22900, reward: 269.10329769379166, steps: 227

Episode: 23000, reward: 286.4362306968395, steps: 269

---------- testing now ----------

Mean reward achieved : 223.32232683671086 

--------------------------------------------------

---------- Solved! ----------

Mean reward achieved : 223.32232683671086 in 432.33 steps

--------------------------------------------------

Episode: 23100, reward: 310.471967684061, steps: 217

Episode: 23200, reward: 272.06471408543564, steps: 249

Episode: 23300, reward: 257.21214709768486, steps: 245

Episode: 23400, reward: 256.2155005203368, steps: 246

Episode: 23500, reward: 271.00197233043014, steps: 262

---------- testing now ----------

Mean reward achieved : 249.181122995557 

--------------------------------------------------

---------- Solved! ----------

Mean reward achieved : 249.181122995557 in 310.78 steps

--------------------------------------------------

Episode: 23600, reward: 269.90552617703065, steps: 189

Episode: 23700, reward: 271.46036753019575, steps: 202

Episode: 23800, reward: 53.765024518702475, steps: 1000

Episode: 23900, reward: 270.22185341188293, steps: 284

Episode: 24000, reward: 289.64909562593675, steps: 259

---------- testing now ----------

Mean reward achieved : 248.70020729808093 

--------------------------------------------------

---------- Solved! ----------

Mean reward achieved : 248.70020729808093 in 278.6 steps

--------------------------------------------------

Episode: 24100, reward: 242.51848570690305, steps: 215

Episode: 24200, reward: 315.16122620513414, steps: 211

Episode: 24300, reward: 24.58201505258944, steps: 170

Episode: 24400, reward: 287.202386980257, steps: 232

Episode: 24500, reward: 113.4267648221154, steps: 1000

---------- testing now ----------

Mean reward achieved : 231.12570424337716 

--------------------------------------------------

---------- Solved! ----------

Mean reward achieved : 231.12570424337716 in 271.4 steps

--------------------------------------------------

Episode: 24600, reward: 270.9630638026195, steps: 238

Episode: 24700, reward: 298.2831389965978, steps: 256

Episode: 24800, reward: 307.13587558171025, steps: 225

Episode: 24900, reward: 241.50917539649674, steps: 530

Episode: 25000, reward: 94.74270565191665, steps: 1000

---------- testing now ----------

Mean reward achieved : 253.20715398772194 

--------------------------------------------------

---------- Solved! ----------

Mean reward achieved : 253.20715398772194 in 318.52 steps

--------------------------------------------------
